This is TeX, Version 3.14159 (C version 6.1) (format=latex 97.10.16)  9 NOV 1998 20:10
**./images.tex
(images.tex
LaTeX2e <1996/12/01> patch level 1
Babel <v3.6h> and hyphenation patterns for american, german, loaded.

(/usr/lib/texmf/texmf/tex/latex/base/article.cls
Document Class: article 1996/10/31 v1.3u Standard LaTeX document class
(/usr/lib/texmf/texmf/tex/latex/base/size10.clo
File: size10.clo 1996/10/31 v1.3u Standard LaTeX file (size option)
)
\c@part=\count79
\c@section=\count80
\c@subsection=\count81
\c@subsubsection=\count82
\c@paragraph=\count83
\c@subparagraph=\count84
\c@figure=\count85
\c@table=\count86
\abovecaptionskip=\skip41
\belowcaptionskip=\skip42
\bibindent=\dimen102
) (/usr/lib/texmf/texmf/tex/latex/graphics/color.sty
Package: color 1997/01/07 v1.0d Standard LaTeX Color (DPC)
(/usr/lib/texmf/texmf/tex/latex/config/color.cfg)
Package color Info: Driver file: dvips.def on input line 128.
(/usr/lib/texmf/texmf/tex/latex/graphics/dvips.def
File: dvips.def 1996/12/12 v3.0d Driver-dependant file (DPC,SPQR)
) (/usr/lib/texmf/texmf/tex/latex/graphics/dvipsnam.def
File: dvipsnam.def 1996/12/12 v3.0d Driver-dependant file (DPC,SPQR)
))
\sizebox=\box26
\lthtmlwrite=\write3
No file images.aux.
LaTeX Font Info:    Checking defaults for OML/cmm/m/it on input line 74.
LaTeX Font Info:    ... okay on input line 74.
LaTeX Font Info:    Checking defaults for T1/cmr/m/n on input line 74.
LaTeX Font Info:    ... okay on input line 74.
LaTeX Font Info:    Checking defaults for OT1/cmr/m/n on input line 74.
LaTeX Font Info:    ... okay on input line 74.
LaTeX Font Info:    Checking defaults for OMS/cmsy/m/n on input line 74.
LaTeX Font Info:    ... okay on input line 74.
LaTeX Font Info:    Checking defaults for OMX/cmex/m/n on input line 74.
LaTeX Font Info:    ... okay on input line 74.
LaTeX Font Info:    Checking defaults for U/cmr/m/n on input line 74.
LaTeX Font Info:    ... okay on input line 74.
latex2htmlLength hsize=349.0pt
latex2htmlLength vsize=682.0pt
latex2htmlLength hoffset=0.0pt
latex2htmlLength voffset=0.0pt
latex2htmlLength topmargin=0.0pt
latex2htmlLength topskip=0.00003pt
latex2htmlLength headheight=0.0pt
latex2htmlLength headsep=0.0pt
latex2htmlLength parskip=0.0pt plus 1.0pt
latex2htmlLength oddsidemargin=53.0pt
latex2htmlLength evensidemargin=53.0pt
LaTeX Font Info:    External font `cmex10' loaded for size
(Font)              <7> on input line 94.
LaTeX Font Info:    External font `cmex10' loaded for size
(Font)              <5> on input line 94.
l2hSize :tex2html_wrap_inline88:6.45831pt::0.0pt::6.43404pt.
[1


]
l2hSize :tex2html_wrap_inline90:7.44444pt::7.44444pt::6.18402pt.
[2


]
l2hSize :displaymath158:32.38896pt::0.0pt::349.0pt.
[3


]
l2hSize :displaymath160:32.38896pt::0.0pt::349.0pt.
[4


]
l2hSize :tex2html_wrap_inline166:7.33331pt::7.33331pt::39.55894pt.
[5


]
l2hSize :displaymath170:14.5pt::0.0pt::349.0pt.
[6


]
l2hSize :displaymath172:14.5pt::0.0pt::349.0pt.
[7


] (images.aux) ) 
Here is how much of TeX's memory you used:
 518 strings out of 10906
 6196 string characters out of 72186
 46914 words of memory out of 262141
 3454 multiletter control sequences out of 9500
 3640 words of font info for 14 fonts, out of 150000 for 255
 14 hyphenation exceptions out of 607
 23i,5n,19p,182b,215s stack positions out of 300i,40n,60p,3000b,4000s

Output written on images.dvi (7 pages, 2296 bytes).
